app/build/intermediates/manifest_merge_blame_file/debug/manifest-merger-blame-debug-report.txt
1<?xml version="1.0" encoding="utf-8"?>
2<manifest xmlns:android="http://schemas.android.com/apk/res/android"
3    xmlns:dist="http://schemas.android.com/apk/distribution"
4    package="com.wstcon.gov.bd.esellers"
5    android:versionCode="1"
6    android:versionName="1.0" >
7
8    <uses-sdk
9        android:minSdkVersion="21"
9-->src\main\AndroidManifest.xml
10        android:targetSdkVersion="29" />
10-->src\main\AndroidManifest.xml
11
12    <dist:module dist:instant="true" />
12-->src\main\AndroidManifest.xml:6:5-40
12-->src\main\AndroidManifest.xml:6:18-37
13
14    <uses-permission android:name="android.permission.ACCESS_NETWORK_STATE" />
14-->src\main\AndroidManifest.xml:8:5-79
14-->src\main\AndroidManifest.xml:8:22-76
15    <uses-permission android:name="android.permission.INTERNET" />
15-->src\main\AndroidManifest.xml:9:5-67
15-->src\main\AndroidManifest.xml:9:22-64
16
17    <application
17-->src\main\AndroidManifest.xml:11:5-41:19
18        android:allowBackup="true"
18-->src\main\AndroidManifest.xml:12:9-35
19        android:appComponentFactory="androidx.core.app.CoreComponentFactory"
19-->[androidx.core:core:1.2.0] AndroidManifest.xml:24:18-86
20        android:debuggable="true"
21        android:hardwareAccelerated="true"
21-->src\main\AndroidManifest.xml:13:9-43
22        android:icon="@mipmap/ic_launcher"
22-->src\main\AndroidManifest.xml:14:9-43
23        android:label="@string/app_name"
23-->src\main\AndroidManifest.xml:15:9-41
24        android:largeHeap="true"
24-->src\main\AndroidManifest.xml:16:9-33
25        android:roundIcon="@mipmap/ic_launcher_round"
25-->src\main\AndroidManifest.xml:17:9-54
26        android:supportsRtl="true"
26-->src\main\AndroidManifest.xml:18:9-35
27        android:testOnly="true"
28        android:theme="@style/AppTheme"
28-->src\main\AndroidManifest.xml:19:9-40
29        android:usesCleartextTraffic="true" >
29-->src\main\AndroidManifest.xml:20:9-44
30        <activity android:name="com.wstcon.gov.bd.esellers.payment.PaymentActivity" />
30-->src\main\AndroidManifest.xml:21:9-70
30-->src\main\AndroidManifest.xml:21:19-58
31        <activity
31-->src\main\AndroidManifest.xml:22:9-25:48
32            android:name="com.wstcon.gov.bd.esellers.cart.CartActivity"
32-->src\main\AndroidManifest.xml:23:13-46
33            android:configChanges="screenSize|orientation|keyboard"
33-->src\main\AndroidManifest.xml:24:13-68
34            android:theme="@style/AuthTheme" />
34-->src\main\AndroidManifest.xml:25:13-45
35        <activity
35-->src\main\AndroidManifest.xml:26:9-29:48
36            android:name="com.wstcon.gov.bd.esellers.userAuth.AuthActivity"
36-->src\main\AndroidManifest.xml:27:13-50
37            android:configChanges="screenSize|orientation|keyboard"
37-->src\main\AndroidManifest.xml:28:13-68
38            android:theme="@style/AuthTheme" />
38-->src\main\AndroidManifest.xml:29:13-45
39        <activity
39-->src\main\AndroidManifest.xml:30:9-40:20
40            android:name="com.wstcon.gov.bd.esellers.mainApp.MainActivity"
40-->src\main\AndroidManifest.xml:31:13-49
41            android:configChanges="screenSize|orientation|keyboard"
41-->src\main\AndroidManifest.xml:32:13-68
42            android:theme="@style/AppTheme" >
42-->src\main\AndroidManifest.xml:33:13-44
43            <intent-filter>
43-->src\main\AndroidManifest.xml:34:13-39:29
44                <action android:name="android.intent.action.MAIN" />
44-->src\main\AndroidManifest.xml:35:17-69
44-->src\main\AndroidManifest.xml:35:25-66
45                <action android:name="android.intent.action.VIEW" />
45-->src\main\AndroidManifest.xml:36:17-69
45-->src\main\AndroidManifest.xml:36:25-66
46
47                <category android:name="android.intent.category.LAUNCHER" />
47-->src\main\AndroidManifest.xml:38:17-77
47-->src\main\AndroidManifest.xml:38:27-74
48            </intent-filter>
49        </activity>
50
51        <provider
51-->[com.squareup.picasso:picasso:2.71828] AndroidManifest.xml:8:9-11:40
52            android:name="com.squareup.picasso.PicassoProvider"
52-->[com.squareup.picasso:picasso:2.71828] AndroidManifest.xml:9:13-64
53            android:authorities="com.wstcon.gov.bd.esellers.com.squareup.picasso"
53-->[com.squareup.picasso:picasso:2.71828] AndroidManifest.xml:10:13-72
54            android:exported="false" />
54-->[com.squareup.picasso:picasso:2.71828] AndroidManifest.xml:11:13-37
55    </application>
56
57</manifest>